[05mar.2025 18:09:29.707] [main/INFO] [cpw.mods.modlauncher.Launcher/MODLAUNCHER]: ModLauncher running: args [--launchTarget, forgeserver, --fml.forgeVersion, 47.4.0, --fml.mcVersion, 1.20.1, --fml.forgeGroup, net.minecraftforge, --fml.mcpVersion, 20230612.114412]
[05mar.2025 18:09:29.716] [main/INFO] [cpw.mods.modlauncher.Launcher/MODLAUNCHER]: ModLauncher 10.0.9+10.0.9+main.dcd20f30 starting: java version 23.0.1 by Oracle Corporation; OS Windows 11 arch amd64 version 10.0
[05mar.2025 18:09:29.860] [main/WARN] [net.minecraftforge.fml.loading.FMLConfig/CORE]: Configuration file C:\Users\conta\OneDrive\Desktop\CGC_SERVER\config\fml.toml is not correct. Correcting
[05mar.2025 18:09:29.863] [main/INFO] [net.minecraftforge.fml.loading.FMLConfig/CORE]: Incorrect key [earlyWindowSkipGLVersions] was corrected from null to []
[05mar.2025 18:09:29.864] [main/INFO] [net.minecraftforge.fml.loading.FMLConfig/CORE]: Incorrect key [earlyWindowLogHelpMessage] was corrected from null to true
[05mar.2025 18:09:29.865] [main/INFO] [net.minecraftforge.fml.loading.FMLConfig/CORE]: Incorrect key [earlyWindowSquir] was corrected from null to false
[05mar.2025 18:09:29.866] [main/INFO] [net.minecraftforge.fml.loading.FMLConfig/CORE]: Incorrect key [earlyWindowShowCPU] was corrected from null to false
[05mar.2025 18:09:31.490] [main/INFO] [net.minecraftforge.fml.loading.ImmediateWindowHandler/]: ImmediateWindowProvider not loading because launch target is forgeserver
[05mar.2025 18:09:31.565] [main/INFO] [mixin/]: SpongePowered MIXIN Subsystem Version=0.8.5 Source=union:/C:/Users/conta/OneDrive/Desktop/CGC_SERVER/libraries/org/spongepowered/mixin/0.8.5/mixin-0.8.5.jar%2365!/ Service=ModLauncher Env=SERVER
[05mar.2025 18:09:32.151] [main/WARN] [net.minecraftforge.fml.loading.moddiscovery.ModFileParser/LOADING]: Mod file C:\Users\conta\OneDrive\Desktop\CGC_SERVER\libraries\net\minecraftforge\fmlcore\1.20.1-47.4.0\fmlcore-1.20.1-47.4.0.jar is missing mods.toml file
[05mar.2025 18:09:32.158] [main/WARN] [net.minecraftforge.fml.loading.moddiscovery.ModFileParser/LOADING]: Mod file C:\Users\conta\OneDrive\Desktop\CGC_SERVER\libraries\net\minecraftforge\javafmllanguage\1.20.1-47.4.0\javafmllanguage-1.20.1-47.4.0.jar is missing mods.toml file
[05mar.2025 18:09:32.163] [main/WARN] [net.minecraftforge.fml.loading.moddiscovery.ModFileParser/LOADING]: Mod file C:\Users\conta\OneDrive\Desktop\CGC_SERVER\libraries\net\minecraftforge\lowcodelanguage\1.20.1-47.4.0\lowcodelanguage-1.20.1-47.4.0.jar is missing mods.toml file
[05mar.2025 18:09:32.168] [main/WARN] [net.minecraftforge.fml.loading.moddiscovery.ModFileParser/LOADING]: Mod file C:\Users\conta\OneDrive\Desktop\CGC_SERVER\libraries\net\minecraftforge\mclanguage\1.20.1-47.4.0\mclanguage-1.20.1-47.4.0.jar is missing mods.toml file
[05mar.2025 18:09:32.547] [main/WARN] [net.minecraftforge.jarjar.selection.JarSelector/]: Attempted to select two dependency jars from JarJar which have the same identification: Mod File:  and Mod File: . Using Mod File: 
[05mar.2025 18:09:32.554] [main/WARN] [net.minecraftforge.jarjar.selection.JarSelector/]: Attempted to select a dependency jar for JarJar which was passed in as source: geckolib. Using Mod File: C:\Users\conta\OneDrive\Desktop\CGC_SERVER\mods\geckolib-forge-1.20.1-4.7.jar
[05mar.2025 18:09:32.555] [main/INFO] [net.minecraftforge.fml.loading.moddiscovery.JarInJarDependencyLocator/]: Found 12 dependencies adding them to mods collection
[05mar.2025 18:09:32.657] [main/ERROR] [net.minecraftforge.fml.loading.ModSorter/LOADING]: Unsupported installed optional dependencies:
	Mod ID: 'jei', Requested by: 'tconstruct', Expected range: '[15.20.0.103,)', Actual version: '15.12.2.51'
[05mar.2025 18:09:34.389] [main/INFO] [cpw.mods.modlauncher.LaunchServiceHandler/MODLAUNCHER]: Launching target 'forgeserver' with arguments []
[05mar.2025 18:09:35.050] [main/WARN] [net.minecraft.server.Eula/]: Failed to load eula.txt
[05mar.2025 18:09:35.079] [main/INFO] [net.minecraft.server.Main/]: You need to agree to the EULA in order to run the server. Go to eula.txt for more info.
